<?xml version="1.0" encoding="UTF-8"?>
<!-- Generated by org.testng.reporters.JUnitReportReporter -->
<testsuite skipped="9" hostname="Paramjeets-MacBook-Air.local" name="com.dollardays.testcases.Team2TaxExemptTestCase" tests="10" failures="0" timestamp="2021-01-12T09:53:33 EST" time="0.002" errors="1">
  <testcase name="ValidateTaxExemptRequiredFields" time="0.001" classname="com.dollardays.testcases.Team2TaxExemptTestCase">
    <skipped/>
  </testcase> <!-- ValidateTaxExemptRequiredFields -->
  <system-out/>
  <testcase name="ValidateTaxExemptRequiredFields" time="0.000" classname="com.dollardays.testcases.Team2TaxExemptTestCase">
    <skipped/>
  </testcase> <!-- ValidateTaxExemptRequiredFields -->
  <system-out/>
  <testcase name="ValidateTaxExemptRequiredFields" time="0.000" classname="com.dollardays.testcases.Team2TaxExemptTestCase">
    <skipped/>
  </testcase> <!-- ValidateTaxExemptRequiredFields -->
  <system-out/>
  <testcase name="ValidateTaxExemptRequiredFields" time="0.000" classname="com.dollardays.testcases.Team2TaxExemptTestCase">
    <skipped/>
  </testcase> <!-- ValidateTaxExemptRequiredFields -->
  <system-out/>
  <testcase name="setUpBrowser" time="0.001" classname="com.dollardays.testcases.Team2TaxExemptTestCase">
    <error type="java.lang.Exception" message="Property file is not found">
      <![CDATA[java.lang.Exception: Property file is not found
at com.dollardays.testcases.BaseTest.readPropertyData(BaseTest.java:43)
at com.dollardays.testcases.BaseTest.setUpBrowser(BaseTest.java:116)
at sun.reflect.NativeMethodAccessorImpl.invoke0(Native Method)
at sun.reflect.NativeMethodAccessorImpl.invoke(NativeMethodAccessorImpl.java:62)
at sun.reflect.DelegatingMethodAccessorImpl.invoke(DelegatingMethodAccessorImpl.java:43)
at java.lang.reflect.Method.invoke(Method.java:498)
at org.testng.internal.MethodInvocationHelper.invokeMethod(MethodInvocationHelper.java:132)
at org.testng.internal.MethodInvocationHelper.invokeMethodConsideringTimeout(MethodInvocationHelper.java:61)
at org.testng.internal.ConfigInvoker.invokeConfigurationMethod(ConfigInvoker.java:366)
at org.testng.internal.ConfigInvoker.invokeConfigurations(ConfigInvoker.java:320)
at org.testng.internal.TestInvoker.runConfigMethods(TestInvoker.java:701)
at org.testng.internal.TestInvoker.invokeMethod(TestInvoker.java:527)
at org.testng.internal.TestInvoker.invokeTestMethod(TestInvoker.java:174)
at org.testng.internal.MethodRunner.runInSequence(MethodRunner.java:46)
at org.testng.internal.TestInvoker$MethodInvocationAgent.invoke(TestInvoker.java:822)
at org.testng.internal.TestInvoker.invokeTestMethods(TestInvoker.java:147)
at org.testng.internal.TestMethodWorker.invokeTestMethods(TestMethodWorker.java:146)
at org.testng.internal.TestMethodWorker.run(TestMethodWorker.java:128)
at java.util.ArrayList.forEach(ArrayList.java:1259)
at org.testng.TestRunner.privateRun(TestRunner.java:764)
at org.testng.TestRunner.run(TestRunner.java:585)
at org.testng.SuiteRunner.runTest(SuiteRunner.java:384)
at org.testng.SuiteRunner.runSequentially(SuiteRunner.java:378)
at org.testng.SuiteRunner.privateRun(SuiteRunner.java:337)
at org.testng.SuiteRunner.run(SuiteRunner.java:286)
at org.testng.SuiteRunnerWorker.runSuite(SuiteRunnerWorker.java:53)
at org.testng.SuiteRunnerWorker.run(SuiteRunnerWorker.java:96)
at org.testng.TestNG.runSuitesSequentially(TestNG.java:1218)
at org.testng.TestNG.runSuitesLocally(TestNG.java:1140)
at org.testng.TestNG.runSuites(TestNG.java:1069)
at org.testng.TestNG.run(TestNG.java:1037)
at org.testng.remote.AbstractRemoteTestNG.run(AbstractRemoteTestNG.java:115)
at org.testng.remote.RemoteTestNG.initAndRun(RemoteTestNG.java:251)
at org.testng.remote.RemoteTestNG.main(RemoteTestNG.java:77)
]]>
    </error>
  </testcase> <!-- setUpBrowser -->
  <system-out/>
  <testcase name="ValidateTaxExemptRequiredFields" time="0.000" classname="com.dollardays.testcases.Team2TaxExemptTestCase">
    <skipped/>
  </testcase> <!-- ValidateTaxExemptRequiredFields -->
  <system-out/>
  <testcase name="ValidateTaxExemptRequiredFields" time="0.000" classname="com.dollardays.testcases.Team2TaxExemptTestCase">
    <skipped/>
  </testcase> <!-- ValidateTaxExemptRequiredFields -->
  <system-out/>
  <testcase name="ValidateTaxExemptRequiredFields" time="0.000" classname="com.dollardays.testcases.Team2TaxExemptTestCase">
    <skipped/>
  </testcase> <!-- ValidateTaxExemptRequiredFields -->
  <system-out/>
  <testcase name="ValidateTaxExemptRequiredFields" time="0.000" classname="com.dollardays.testcases.Team2TaxExemptTestCase">
    <skipped/>
  </testcase> <!-- ValidateTaxExemptRequiredFields -->
  <system-out/>
  <testcase name="ValidateTaxExemptRequiredFields" time="0.000" classname="com.dollardays.testcases.Team2TaxExemptTestCase">
    <skipped/>
  </testcase> <!-- ValidateTaxExemptRequiredFields -->
  <system-out/>
</testsuite> <!-- com.dollardays.testcases.Team2TaxExemptTestCase -->
