<?xml version="1.0" encoding="UTF-8"?>
<!-- Generated by org.testng.reporters.JUnitReportReporter -->
<testsuite skipped="0" hostname="LAPTOP-V27AG5SL" name="com.dollardays.testcases.WishlistPageB4loginTestcase" tests="21" failures="1" timestamp="2020-09-18T11:55:40 PDT" time="550.597" errors="1">
  <testcase name="verifyCreateawishlistbtn" time="23.594" classname="com.dollardays.testcases.WishlistPageB4loginTestcase"/>
  <system-out/>
  <testcase name="VerifyViewallprojectsbutton" time="21.166" classname="com.dollardays.testcases.WishlistPageB4loginTestcase">
    <error type="org.openqa.selenium.NoSuchElementException" message="no such element: Unable to locate element: {&quot;method&quot;:&quot;xpath&quot;,&quot;selector&quot;:&quot;//h2[contains(text(),&#039;All Projects&#039;)]&quot;}
  (Session info: chrome=85.0.4183.102)
  (Driver info: chromedriver=84.0.4147.30 (48b3e868b4cc0aa7e8149519690b6f6949e110a8-refs/branch-heads/4147@{#310}),platform=Windows NT 10.0.19041 x86_64) (WARNING: The server did not provide any stacktrace information)
Command duration or timeout: 49 milliseconds
For documentation on this error, please visit: http://seleniumhq.org/exceptions/no_such_element.html
Build info: version: &#039;2.53.1&#039;, revision: &#039;a36b8b1cd5757287168e54b817830adce9b0158d&#039;, time: &#039;2016-06-30 19:26:09&#039;
System info: host: &#039;LAPTOP-V27AG5SL&#039;, ip: &#039;192.168.4.26&#039;, os.name: &#039;Windows 10&#039;, os.arch: &#039;amd64&#039;, os.version: &#039;10.0&#039;, java.version: &#039;1.8.0_261&#039;
Driver info: org.openqa.selenium.chrome.ChromeDriver
Capabilities [{mobileEmulationEnabled=false, timeouts={implicit=0, pageLoad=300000, script=30000}, hasTouchScreen=false, platform=XP, acceptSslCerts=false, goog:chromeOptions={debuggerAddress=localhost:54415}, acceptInsecureCerts=false, webStorageEnabled=true, browserName=chrome, takesScreenshot=true, javascriptEnabled=true, setWindowRect=true, unexpectedAlertBehaviour=ignore, applicationCacheEnabled=false, rotatable=false, networkConnectionEnabled=false, chrome={chromedriverVersion=84.0.4147.30 (48b3e868b4cc0aa7e8149519690b6f6949e110a8-refs/branch-heads/4147@{#310}), userDataDir=C:\Users\Lakshmi\AppData\Local\Temp\scoped_dir26604_1752248385}, takesHeapSnapshot=true, pageLoadStrategy=normal, strictFileInteractability=false, databaseEnabled=false, handlesAlerts=true, version=85.0.4183.102, browserConnectionEnabled=false, proxy={}, nativeEvents=true, locationContextEnabled=true, cssSelectorsEnabled=true, webauthn:virtualAuthenticators=true}]
Session ID: 831804a91a9e2a6eae6cc74419eee232
*** Element info: {Using=xpath, value=//h2[contains(text(),&#039;All Projects&#039;)]}">
      <![CDATA[org.openqa.selenium.NoSuchElementException: no such element: Unable to locate element: {"method":"xpath","selector":"//h2[contains(text(),'All Projects')]"}
  (Session info: chrome=85.0.4183.102)
  (Driver info: chromedriver=84.0.4147.30 (48b3e868b4cc0aa7e8149519690b6f6949e110a8-refs/branch-heads/4147@{#310}),platform=Windows NT 10.0.19041 x86_64) (WARNING: The server did not provide any stacktrace information)
Command duration or timeout: 49 milliseconds
For documentation on this error, please visit: http://seleniumhq.org/exceptions/no_such_element.html
Build info: version: '2.53.1', revision: 'a36b8b1cd5757287168e54b817830adce9b0158d', time: '2016-06-30 19:26:09'
System info: host: 'LAPTOP-V27AG5SL', ip: '192.168.4.26', os.name: 'Windows 10', os.arch: 'amd64', os.version: '10.0', java.version: '1.8.0_261'
Driver info: org.openqa.selenium.chrome.ChromeDriver
Capabilities [{mobileEmulationEnabled=false, timeouts={implicit=0, pageLoad=300000, script=30000}, hasTouchScreen=false, platform=XP, acceptSslCerts=false, goog:chromeOptions={debuggerAddress=localhost:54415}, acceptInsecureCerts=false, webStorageEnabled=true, browserName=chrome, takesScreenshot=true, javascriptEnabled=true, setWindowRect=true, unexpectedAlertBehaviour=ignore, applicationCacheEnabled=false, rotatable=false, networkConnectionEnabled=false, chrome={chromedriverVersion=84.0.4147.30 (48b3e868b4cc0aa7e8149519690b6f6949e110a8-refs/branch-heads/4147@{#310}), userDataDir=C:\Users\Lakshmi\AppData\Local\Temp\scoped_dir26604_1752248385}, takesHeapSnapshot=true, pageLoadStrategy=normal, strictFileInteractability=false, databaseEnabled=false, handlesAlerts=true, version=85.0.4183.102, browserConnectionEnabled=false, proxy={}, nativeEvents=true, locationContextEnabled=true, cssSelectorsEnabled=true, webauthn:virtualAuthenticators=true}]
Session ID: 831804a91a9e2a6eae6cc74419eee232
*** Element info: {Using=xpath, value=//h2[contains(text(),'All Projects')]}
at sun.reflect.NativeConstructorAccessorImpl.newInstance0(Native Method)
at sun.reflect.NativeConstructorAccessorImpl.newInstance(Unknown Source)
at sun.reflect.DelegatingConstructorAccessorImpl.newInstance(Unknown Source)
at java.lang.reflect.Constructor.newInstance(Unknown Source)
at org.openqa.selenium.remote.ErrorHandler.createThrowable(ErrorHandler.java:206)
at org.openqa.selenium.remote.ErrorHandler.throwIfResponseFailed(ErrorHandler.java:158)
at org.openqa.selenium.remote.RemoteWebDriver.execute(RemoteWebDriver.java:678)
at org.openqa.selenium.remote.RemoteWebDriver.findElement(RemoteWebDriver.java:363)
at org.openqa.selenium.remote.RemoteWebDriver.findElementByXPath(RemoteWebDriver.java:500)
at org.openqa.selenium.By$ByXPath.findElement(By.java:361)
at org.openqa.selenium.remote.RemoteWebDriver.findElement(RemoteWebDriver.java:355)
at org.openqa.selenium.support.pagefactory.DefaultElementLocator.findElement(DefaultElementLocator.java:69)
at org.openqa.selenium.support.pagefactory.internal.LocatingElementHandler.invoke(LocatingElementHandler.java:38)
at com.sun.proxy.$Proxy8.isDisplayed(Unknown Source)
at com.dollardays.pages.WishlistPageB4login.InspectViewallprojectsbtn(WishlistPageB4login.java:67)
at com.dollardays.testcases.WishlistPageB4loginTestcase.VerifyViewallprojectsbutton(WishlistPageB4loginTestcase.java:76)
at sun.reflect.NativeMethodAccessorImpl.invoke0(Native Method)
at sun.reflect.NativeMethodAccessorImpl.invoke(Unknown Source)
at sun.reflect.DelegatingMethodAccessorImpl.invoke(Unknown Source)
at java.lang.reflect.Method.invoke(Unknown Source)
at org.testng.internal.MethodInvocationHelper.invokeMethod(MethodInvocationHelper.java:132)
at org.testng.internal.TestInvoker.invokeMethod(TestInvoker.java:599)
at org.testng.internal.TestInvoker.invokeTestMethod(TestInvoker.java:174)
at org.testng.internal.MethodRunner.runInSequence(MethodRunner.java:46)
at org.testng.internal.TestInvoker$MethodInvocationAgent.invoke(TestInvoker.java:822)
at org.testng.internal.TestInvoker.invokeTestMethods(TestInvoker.java:147)
at org.testng.internal.TestMethodWorker.invokeTestMethods(TestMethodWorker.java:146)
at org.testng.internal.TestMethodWorker.run(TestMethodWorker.java:128)
at java.util.ArrayList.forEach(Unknown Source)
at org.testng.TestRunner.privateRun(TestRunner.java:764)
at org.testng.TestRunner.run(TestRunner.java:585)
at org.testng.SuiteRunner.runTest(SuiteRunner.java:384)
at org.testng.SuiteRunner.runSequentially(SuiteRunner.java:378)
at org.testng.SuiteRunner.privateRun(SuiteRunner.java:337)
at org.testng.SuiteRunner.run(SuiteRunner.java:286)
at org.testng.SuiteRunnerWorker.runSuite(SuiteRunnerWorker.java:53)
at org.testng.SuiteRunnerWorker.run(SuiteRunnerWorker.java:96)
at org.testng.TestNG.runSuitesSequentially(TestNG.java:1218)
at org.testng.TestNG.runSuitesLocally(TestNG.java:1140)
at org.testng.TestNG.runSuites(TestNG.java:1069)
at org.testng.TestNG.run(TestNG.java:1037)
at org.testng.remote.AbstractRemoteTestNG.run(AbstractRemoteTestNG.java:115)
at org.testng.remote.RemoteTestNG.initAndRun(RemoteTestNG.java:251)
at org.testng.remote.RemoteTestNG.main(RemoteTestNG.java:77)
]]>
    </error>
  </testcase> <!-- VerifyViewallprojectsbutton -->
  <system-out/>
  <testcase name="InspectAnnArborPublicSchoolsadDonatenowbtn" time="23.765" classname="com.dollardays.testcases.WishlistPageB4loginTestcase"/>
  <system-out/>
  <testcase name="InspectEdicationreliefpacksadDonatenowbtn" time="20.678" classname="com.dollardays.testcases.WishlistPageB4loginTestcase"/>
  <system-out/>
  <testcase name="InspectPolkcountrymidschooladDonatenowbtn" time="23.636" classname="com.dollardays.testcases.WishlistPageB4loginTestcase"/>
  <system-out/>
  <testcase name="VerifyWishlistcartbuttontestcase" time="25.048" classname="com.dollardays.testcases.WishlistPageB4loginTestcase">
    <failure type="java.lang.AssertionError" message="expected [Wish List cart for Polk County Middle School 7th Grade] but found [DollarDays | Bulk Goods for Nonprofits, Businesses &amp; Schools | Wholesale Products]">
      <![CDATA[java.lang.AssertionError: expected [Wish List cart for Polk County Middle School 7th Grade] but found [DollarDays | Bulk Goods for Nonprofits, Businesses & Schools | Wholesale Products]
at org.testng.Assert.fail(Assert.java:99)
at org.testng.Assert.failNotEquals(Assert.java:1037)
at org.testng.Assert.assertEqualsImpl(Assert.java:140)
at org.testng.Assert.assertEquals(Assert.java:122)
at org.testng.Assert.assertEquals(Assert.java:629)
at org.testng.Assert.assertEquals(Assert.java:639)
at com.dollardays.testcases.WishlistPageB4loginTestcase.VerifyWishlistcartbuttontestcase(WishlistPageB4loginTestcase.java:144)
at sun.reflect.NativeMethodAccessorImpl.invoke0(Native Method)
at sun.reflect.NativeMethodAccessorImpl.invoke(Unknown Source)
at sun.reflect.DelegatingMethodAccessorImpl.invoke(Unknown Source)
at java.lang.reflect.Method.invoke(Unknown Source)
at org.testng.internal.MethodInvocationHelper.invokeMethod(MethodInvocationHelper.java:132)
at org.testng.internal.TestInvoker.invokeMethod(TestInvoker.java:599)
at org.testng.internal.TestInvoker.invokeTestMethod(TestInvoker.java:174)
at org.testng.internal.MethodRunner.runInSequence(MethodRunner.java:46)
at org.testng.internal.TestInvoker$MethodInvocationAgent.invoke(TestInvoker.java:822)
at org.testng.internal.TestInvoker.invokeTestMethods(TestInvoker.java:147)
at org.testng.internal.TestMethodWorker.invokeTestMethods(TestMethodWorker.java:146)
at org.testng.internal.TestMethodWorker.run(TestMethodWorker.java:128)
at java.util.ArrayList.forEach(Unknown Source)
at org.testng.TestRunner.privateRun(TestRunner.java:764)
at org.testng.TestRunner.run(TestRunner.java:585)
at org.testng.SuiteRunner.runTest(SuiteRunner.java:384)
at org.testng.SuiteRunner.runSequentially(SuiteRunner.java:378)
at org.testng.SuiteRunner.privateRun(SuiteRunner.java:337)
at org.testng.SuiteRunner.run(SuiteRunner.java:286)
at org.testng.SuiteRunnerWorker.runSuite(SuiteRunnerWorker.java:53)
at org.testng.SuiteRunnerWorker.run(SuiteRunnerWorker.java:96)
at org.testng.TestNG.runSuitesSequentially(TestNG.java:1218)
at org.testng.TestNG.runSuitesLocally(TestNG.java:1140)
at org.testng.TestNG.runSuites(TestNG.java:1069)
at org.testng.TestNG.run(TestNG.java:1037)
at org.testng.remote.AbstractRemoteTestNG.run(AbstractRemoteTestNG.java:115)
at org.testng.remote.RemoteTestNG.initAndRun(RemoteTestNG.java:251)
at org.testng.remote.RemoteTestNG.main(RemoteTestNG.java:77)
]]>
    </failure>
  </testcase> <!-- VerifyWishlistcartbuttontestcase -->
  <system-out/>
  <testcase name="VerifyCityStateandorzipcodefieldfunctionalityInvaliddata" time="25.035" classname="com.dollardays.testcases.WishlistPageB4loginTestcase"/>
  <system-out/>
  <testcase name="VerifyCityStateandorzipcodefieldfunctionalityInvaliddata" time="25.067" classname="com.dollardays.testcases.WishlistPageB4loginTestcase"/>
  <system-out/>
  <testcase name="VerifyCityStateandorzipcodefieldfunctionalityInvaliddata" time="25.372" classname="com.dollardays.testcases.WishlistPageB4loginTestcase"/>
  <system-out/>
  <testcase name="VerifysearchbyorganizationtextfieldfunctionalityInvaliddata" time="26.208" classname="com.dollardays.testcases.WishlistPageB4loginTestcase"/>
  <system-out/>
  <testcase name="VerifysearchbyorganizationtextfieldfunctionalityInvaliddata" time="21.558" classname="com.dollardays.testcases.WishlistPageB4loginTestcase"/>
  <system-out/>
  <testcase name="VerifysearchbyorganizationtextfieldfunctionalityInvaliddata" time="25.699" classname="com.dollardays.testcases.WishlistPageB4loginTestcase"/>
  <system-out/>
  <testcase name="VerifysearchbyorganizationtextfieldfunctionalityInvaliddata" time="26.225" classname="com.dollardays.testcases.WishlistPageB4loginTestcase"/>
  <system-out/>
  <testcase name="VerifysearchbyorganizationtextfieldfunctionalityInvaliddata" time="25.300" classname="com.dollardays.testcases.WishlistPageB4loginTestcase"/>
  <system-out/>
  <testcase name="VerifysearchbyorganizationtextfieldfunctionalityInvaliddata" time="25.892" classname="com.dollardays.testcases.WishlistPageB4loginTestcase"/>
  <system-out/>
  <testcase name="VerifyCityStateandorzipcodefieldfunctionalityvaliddata" time="31.275" classname="com.dollardays.testcases.WishlistPageB4loginTestcase"/>
  <system-out/>
  <testcase name="VerifyCityStateandorzipcodefieldfunctionalityvaliddata" time="31.305" classname="com.dollardays.testcases.WishlistPageB4loginTestcase"/>
  <system-out/>
  <testcase name="VerifyCityStateandorzipcodefieldfunctionalityvaliddata" time="30.410" classname="com.dollardays.testcases.WishlistPageB4loginTestcase"/>
  <system-out/>
  <testcase name="VerifyCityStateandorzipcodefieldfunctionalityvaliddata" time="31.104" classname="com.dollardays.testcases.WishlistPageB4loginTestcase"/>
  <system-out/>
  <testcase name="VerifyCityStateandorzipcodefieldfunctionalityvaliddata" time="31.248" classname="com.dollardays.testcases.WishlistPageB4loginTestcase"/>
  <system-out/>
  <testcase name="VerifyCityStateandorzipcodefieldfunctionalityvaliddata" time="31.012" classname="com.dollardays.testcases.WishlistPageB4loginTestcase"/>
  <system-out/>
</testsuite> <!-- com.dollardays.testcases.WishlistPageB4loginTestcase -->
